<?xml version="1.0" encoding="UTF-8"?>
<testng-results ignored="2" total="3" passed="1" failed="0" skipped="0">
  <reporter-output>
  </reporter-output>
  <suite started-at="2020-02-07T15:08:49 CET" name="Suite" finished-at="2020-02-07T15:09:17 CET" duration-ms="28173">
    <groups>
    </groups>
    <test started-at="2020-02-07T15:08:49 CET" name="Test" finished-at="2020-02-07T15:09:17 CET" duration-ms="28173">
      <class name="org.gothos.aps.MainTest">
        <test-method is-config="true" signature="beforeSuite(java.lang.String)[pri:0, instance:org.gothos.aps.MainTest@23529fee]" started-at="2020-02-07T15:08:49 CET" name="beforeSuite" finished-at="2020-02-07T15:08:49 CET" duration-ms="29" status="PASS">
          <params>
            <param index="0">
              <value>
                <![CDATA[//home//bartek//Downloads//geckodriver-v0.26.0-linux64//geckodriver]]>
              </value>
            </param>
          </params>
          <reporter-output>
          </reporter-output>
        </test-method> <!-- beforeSuite -->
        <test-method is-config="true" signature="beforeTest()[pri:0, instance:org.gothos.aps.MainTest@23529fee]" started-at="2020-02-07T15:08:49 CET" name="beforeTest" finished-at="2020-02-07T15:08:49 CET" duration-ms="0" status="PASS">
          <reporter-output>
          </reporter-output>
        </test-method> <!-- beforeTest -->
        <test-method signature="SignIn(java.lang.String, java.lang.String, java.lang.String, java.lang.String)[pri:0, instance:org.gothos.aps.MainTest@23529fee]" started-at="2020-02-07T15:08:49 CET" name="SignIn" finished-at="2020-02-07T15:09:17 CET" duration-ms="28082" status="PASS">
          <params>
            <param index="0">
              <value>
                <![CDATA[ajensen1@sarif.com]]>
              </value>
            </param>
            <param index="1">
              <value>
                <![CDATA[meganReed]]>
              </value>
            </param>
            <param index="2">
              <value>
                <![CDATA[http://automationpractice.com/index.php]]>
              </value>
            </param>
            <param index="3">
              <value>
                <![CDATA[Welcome to your account]]>
              </value>
            </param>
          </params>
          <reporter-output>
          </reporter-output>
        </test-method> <!-- SignIn -->
        <test-method is-config="true" signature="afterTest(org.openqa.selenium.WebDriver)[pri:0, instance:org.gothos.aps.MainTest@23529fee]" started-at="2020-02-07T15:09:17 CET" name="afterTest" finished-at="1970-01-01T01:00:00 CET" duration-ms="-1581084557440" status="FAIL">
          <exception class="org.testng.TestNGException">
            <message>
              <![CDATA[
Can inject only one of <ITestContext, XmlTest> into a @AfterTest annotated afterTest.
For more information on native dependency injection please refer to http://testng.org/doc/documentation-main.html#native-dependency-injection]]>
            </message>
            <full-stacktrace>
              <![CDATA[org.testng.TestNGException: 
Can inject only one of <ITestContext, XmlTest> into a @AfterTest annotated afterTest.
For more information on native dependency injection please refer to http://testng.org/doc/documentation-main.html#native-dependency-injection
at org.testng.internal.Parameters.checkParameterTypes(Parameters.java:458)
at org.testng.internal.Parameters.createParametersForMethod(Parameters.java:372)
at org.testng.internal.Parameters.createParameters(Parameters.java:729)
at org.testng.internal.Parameters.createConfigurationParameters(Parameters.java:164)
at org.testng.internal.ConfigInvoker.invokeConfigurations(ConfigInvoker.java:275)
at org.testng.TestRunner.invokeTestConfigurations(TestRunner.java:623)
at org.testng.TestRunner.afterRun(TestRunner.java:853)
at org.testng.TestRunner.run(TestRunner.java:594)
at org.testng.SuiteRunner.runTest(SuiteRunner.java:402)
at org.testng.SuiteRunner.runSequentially(SuiteRunner.java:396)
at org.testng.SuiteRunner.privateRun(SuiteRunner.java:355)
at org.testng.SuiteRunner.run(SuiteRunner.java:304)
at org.testng.SuiteRunnerWorker.runSuite(SuiteRunnerWorker.java:53)
at org.testng.SuiteRunnerWorker.run(SuiteRunnerWorker.java:96)
at org.testng.TestNG.runSuitesSequentially(TestNG.java:1180)
at org.testng.TestNG.runSuitesLocally(TestNG.java:1102)
at org.testng.TestNG.runSuites(TestNG.java:1032)
at org.testng.TestNG.run(TestNG.java:1000)
at org.testng.remote.AbstractRemoteTestNG.run(AbstractRemoteTestNG.java:115)
at org.testng.remote.RemoteTestNG.initAndRun(RemoteTestNG.java:251)
at org.testng.remote.RemoteTestNG.main(RemoteTestNG.java:77)
]]>
            </full-stacktrace>
          </exception> <!-- org.testng.TestNGException -->
          <reporter-output>
          </reporter-output>
        </test-method> <!-- afterTest -->
      </class> <!-- org.gothos.aps.MainTest -->
    </test> <!-- Test -->
  </suite> <!-- Suite -->
</testng-results>
