<?xml version="1.0" encoding="UTF-8"?>
<testng-results ignored="0" total="2" passed="2" failed="0" skipped="0">
  <reporter-output>
  </reporter-output>
  <suite started-at="2020-02-03T17:12:10 CET" name="Suite" finished-at="2020-02-03T17:12:27 CET" duration-ms="16841">
    <groups>
    </groups>
    <test started-at="2020-02-03T17:12:10 CET" name="CreateUser" finished-at="2020-02-03T17:12:19 CET" duration-ms="8929">
      <class name="org.gothos.tds.MainTest">
        <test-method signature="CreateUser(java.lang.String, java.lang.String, java.lang.String, java.lang.String)[pri:0, instance:org.gothos.tds.MainTest@60704c]" started-at="2020-02-03T17:12:10 CET" name="CreateUser" finished-at="2020-02-03T17:12:19 CET" duration-ms="8835" status="PASS">
          <params>
            <param index="0">
              <value>
                <![CDATA[1un1]]>
              </value>
            </param>
            <param index="1">
              <value>
                <![CDATA[1pw1]]>
              </value>
            </param>
            <param index="2">
              <value>
                <![CDATA[https://thedemosite.co.uk]]>
              </value>
            </param>
            <param index="3">
              <value>
                <![CDATA[**Successful Login**]]>
              </value>
            </param>
          </params>
          <reporter-output>
          </reporter-output>
        </test-method> <!-- CreateUser -->
      </class> <!-- org.gothos.tds.MainTest -->
    </test> <!-- CreateUser -->
    <test started-at="2020-02-03T17:12:19 CET" name="LoginUser" finished-at="2020-02-03T17:12:27 CET" duration-ms="7818">
      <class name="org.gothos.tds.MainTest">
        <test-method is-config="true" signature="beforeSuite(java.lang.String)[pri:0, instance:org.gothos.tds.MainTest@6ce139a4]" started-at="2020-02-03T17:12:10 CET" name="beforeSuite" finished-at="2020-02-03T17:12:10 CET" duration-ms="19" status="PASS">
          <params>
            <param index="0">
              <value>
                <![CDATA[//home//bartek//Downloads//geckodriver-v0.26.0-linux64//geckodriver]]>
              </value>
            </param>
          </params>
          <reporter-output>
          </reporter-output>
        </test-method> <!-- beforeSuite -->
        <test-method signature="CreateUser(java.lang.String, java.lang.String, java.lang.String, java.lang.String)[pri:0, instance:org.gothos.tds.MainTest@6ce139a4]" started-at="2020-02-03T17:12:19 CET" name="CreateUser" finished-at="2020-02-03T17:12:27 CET" duration-ms="7811" status="PASS">
          <params>
            <param index="0">
              <value>
                <![CDATA[2un2]]>
              </value>
            </param>
            <param index="1">
              <value>
                <![CDATA[2pw2]]>
              </value>
            </param>
            <param index="2">
              <value>
                <![CDATA[https://thedemosite.co.uk]]>
              </value>
            </param>
            <param index="3">
              <value>
                <![CDATA[**Successful Login**]]>
              </value>
            </param>
          </params>
          <reporter-output>
          </reporter-output>
        </test-method> <!-- CreateUser -->
      </class> <!-- org.gothos.tds.MainTest -->
    </test> <!-- LoginUser -->
  </suite> <!-- Suite -->
</testng-results>
