<?xml version="1.0" encoding="UTF-8"?>
<testng-results ignored="0" total="1" passed="1" failed="0" skipped="0">
  <reporter-output>
  </reporter-output>
  <suite started-at="2020-02-03T15:27:02 CET" name="Suite" finished-at="2020-02-03T15:27:40 CET" duration-ms="37980">
    <groups>
    </groups>
    <test started-at="2020-02-03T15:27:02 CET" name="Login" finished-at="2020-02-03T15:27:40 CET" duration-ms="37980">
      <class name="automationFramework.PHPTravelsMain">
        <test-method is-config="true" signature="beforeSuite()[pri:0, instance:automationFramework.PHPTravelsMain@60704c]" started-at="2020-02-03T15:27:02 CET" name="beforeSuite" finished-at="2020-02-03T15:27:02 CET" duration-ms="14" status="PASS">
          <reporter-output>
          </reporter-output>
        </test-method> <!-- beforeSuite -->
        <test-method signature="Login(java.lang.String, java.lang.String, java.lang.String, java.lang.String)[pri:0, instance:automationFramework.PHPTravelsMain@60704c]" started-at="2020-02-03T15:27:02 CET" name="Login" finished-at="2020-02-03T15:27:40 CET" duration-ms="37931" status="PASS">
          <params>
            <param index="0">
              <value>
                <![CDATA[user@phptravels.com]]>
              </value>
            </param>
            <param index="1">
              <value>
                <![CDATA[demouser]]>
              </value>
            </param>
            <param index="2">
              <value>
                <![CDATA[https://www.phptravels.com/demo/]]>
              </value>
            </param>
            <param index="3">
              <value>
                <![CDATA[Hi, Demo User]]>
              </value>
            </param>
          </params>
          <reporter-output>
          </reporter-output>
        </test-method> <!-- Login -->
      </class> <!-- automationFramework.PHPTravelsMain -->
    </test> <!-- Login -->
  </suite> <!-- Suite -->
</testng-results>
