<?xml version="1.0" encoding="UTF-8"?>
<!-- Generated by org.testng.reporters.JUnitXMLReporter -->
<testsuite ignored="2" hostname="bartek1-VirtualBox" failures="0" tests="1" name="Test" time="28.173" errors="0" timestamp="2020-02-07T15:09:17 CET">
  <testcase classname="org.gothos.aps.MainTest" name="@AfterTest afterTest" time="-1.58108455744E9">
    <failure type="org.testng.TestNGException" message="
Can inject only one of &amp;lt;ITestContext, XmlTest&amp;gt; into a @AfterTest annotated afterTest.
For more information on native dependency injection please refer to http://testng.org/doc/documentation-main.html#native-dependency-injection">
      <![CDATA[org.testng.TestNGException: 
Can inject only one of <ITestContext, XmlTest> into a @AfterTest annotated afterTest.
For more information on native dependency injection please refer to http://testng.org/doc/documentation-main.html#native-dependency-injection
... Removed 21 stack frames]]>
    </failure>
  </testcase> <!-- @AfterTest afterTest -->
  <testcase classname="org.gothos.aps.MainTest" name="SignIn" time="28.082"/>
  <testcase classname="org.gothos.aps.MainTest" name="GoddamnRadios" time="0.0">
    <ignored/>
  </testcase> <!-- GoddamnRadios -->
  <testcase classname="org.gothos.aps.MainTest" name="CreateUser" time="0.0">
    <ignored/>
  </testcase> <!-- CreateUser -->
</testsuite> <!-- Test -->
