<?xml version="1.0" encoding="UTF-8"?>
<!-- Generated by org.testng.reporters.JUnitXMLReporter -->
<testsuite ignored="3" hostname="bartek1-VirtualBox" failures="0" tests="1" name="Test" time="16.47" errors="0" timestamp="2020-02-07T17:18:02 CET">
  <testcase classname="org.gothos.aps.MainTest" name="ListAllElements" time="16.406"/>
  <testcase classname="org.gothos.aps.MainTest" name="CreateUser" time="0.0">
    <ignored/>
  </testcase> <!-- CreateUser -->
  <testcase classname="org.gothos.aps.MainTest" name="VerifyAccountTabs" time="0.0">
    <ignored/>
  </testcase> <!-- VerifyAccountTabs -->
  <testcase classname="org.gothos.aps.MainTest" name="SignIn" time="0.0">
    <ignored/>
  </testcase> <!-- SignIn -->
</testsuite> <!-- Test -->
